GROUP,PACKAGE,CLASS,INSTRUCTION_MISSED,INSTRUCTION_COVERED,BRANCH_MISSED,BRANCH_COVERED,LINE_MISSED,LINE_COVERED,COMPLEXITY_MISSED,COMPLEXITY_COVERED,METHOD_MISSED,METHOD_COVERED
web Maven Webapp,com.jschool.controllers,ErrorController,25,0,0,0,8,0,3,0,3,0
web Maven Webapp,com.jschool.controllers,DriverController,462,0,30,0,115,0,24,0,9,0
web Maven Webapp,com.jschool.controllers,BaseController,38,0,0,0,9,0,3,0,3,0
web Maven Webapp,com.jschool.controllers,DriverInfoController,156,0,10,0,39,0,9,0,4,0
web Maven Webapp,com.jschool.controllers,OrderController,641,0,50,0,136,0,35,0,7,0
web Maven Webapp,com.jschool.controllers,LoginController,242,0,32,0,56,0,22,0,6,0
web Maven Webapp,com.jschool.controllers,TruckController,464,0,34,0,114,0,26,0,9,0
web Maven Webapp,com.jschool.filter,CheckAccessFilter,129,0,26,0,27,0,18,0,5,0
web Maven Webapp,com.jschool.filter,StaticPageFilter,41,0,2,0,10,0,6,0,5,0
web Maven Webapp,com.jschool.controllers.exception,ControllerException,18,0,0,0,7,0,3,0,3,0
web Maven Webapp,com.jschool.controllers.exception,ControllerStatusCode,158,0,0,0,6,0,4,0,4,0
web Maven Webapp,com.jschool,Validator,221,0,24,0,57,0,21,0,9,0
web Maven Webapp,com.jschool,AppContext,446,0,60,0,100,0,60,0,30,0
web Maven Webapp,com.jschool,ControllerFactory,74,0,10,0,19,0,7,0,2,0
web Maven Webapp,com.jschool,FrontController,30,0,0,0,9,0,4,0,4,0
